Unknown:
C:\Users\HP\Desktop\yagi\workYagi4ToFo\workYagi4\Result\farfield (f=1.8)2D_1.ffp
C:\Users\HP\Desktop\yagi\workYagi4ToFo\workYagi4\Result\farfield (f=1.8)_1.fme
C:\Users\HP\Desktop\yagi\workYagi4ToFo\workYagi4\Result\Hex.gap
C:\Users\HP\Desktop\yagi\workYagi4ToFo\workYagi4\Result\MCalc-Facets-1xN.log
C:\Users\HP\Desktop\yagi\workYagi4ToFo\workYagi4\Result\MCalc-Facets-PP.log
C:\Users\HP\Desktop\yagi\workYagi4ToFo\workYagi4\Result\MCalc.ddi
C:\Users\HP\Desktop\yagi\workYagi4ToFo\workYagi4\Result\MCalc.log
C:\Users\HP\Desktop\yagi\workYagi4ToFo\workYagi4\Result\ml_info.log
C:\Users\HP\Desktop\yagi\workYagi4ToFo\workYagi4\Result\Model.axg
C:\Users\HP\Desktop\yagi\workYagi4ToFo\workYagi4\Result\Model.ddi
C:\Users\HP\Desktop\yagi\workYagi4ToFo\workYagi4\Result\Model.log
C:\Users\HP\Desktop\yagi\workYagi4ToFo\workYagi4\Result\Model.sa
C:\Users\HP\Desktop\yagi\workYagi4ToFo\workYagi4\Result\Model.sam
C:\Users\HP\Desktop\yagi\workYagi4ToFo\workYagi4\Result\Model_m1.sam
C:\Users\HP\Desktop\yagi\workYagi4ToFo\workYagi4\Result\m^fifx.dsc
C:\Users\HP\Desktop\yagi\workYagi4ToFo\workYagi4\Result\m^fqq.dsc
C:\Users\HP\Desktop\yagi\workYagi4ToFo\workYagi4\Result\Ports.web
C:\Users\HP\Desktop\yagi\workYagi4ToFo\workYagi4\Result\p^a.dsc
C:\Users\HP\Desktop\yagi\workYagi4ToFo\workYagi4\Result\P^m^fbqq.slog
C:\Users\HP\Desktop\yagi\workYagi4ToFo\workYagi4\Result\P^m^fqq.slog
C:\Users\HP\Desktop\yagi\workYagi4ToFo\workYagi4\Result\P^p^m.slog
C:\Users\HP\Desktop\yagi\workYagi4ToFo\workYagi4\Result\P^s^pm.slog
C:\Users\HP\Desktop\yagi\workYagi4ToFo\workYagi4\Result\WEP.log
Mesh:
C:\Users\HP\Desktop\yagi\workYagi4ToFo\workYagi4\Result\dA.mat
C:\Users\HP\Desktop\yagi\workYagi4ToFo\workYagi4\Result\dad.mat
C:\Users\HP\Desktop\yagi\workYagi4ToFo\workYagi4\Result\ds.mat
C:\Users\HP\Desktop\yagi\workYagi4ToFo\workYagi4\Result\dsd.mat
C:\Users\HP\Desktop\yagi\workYagi4ToFo\workYagi4\Result\dsMCalc.mat
C:\Users\HP\Desktop\yagi\workYagi4ToFo\workYagi4\Result\Eps.mat
C:\Users\HP\Desktop\yagi\workYagi4ToFo\workYagi4\Result\HexMatrix.m2h
C:\Users\HP\Desktop\yagi\workYagi4ToFo\workYagi4\Result\HexMatrix_MCalc.m2h
C:\Users\HP\Desktop\yagi\workYagi4ToFo\workYagi4\Result\MCalc.fmp
C:\Users\HP\Desktop\yagi\workYagi4ToFo\workYagi4\Result\MCalc.xcfd
C:\Users\HP\Desktop\yagi\workYagi4ToFo\workYagi4\Result\Meta.m2h
C:\Users\HP\Desktop\yagi\workYagi4ToFo\workYagi4\Result\Meta.mat
C:\Users\HP\Desktop\yagi\workYagi4ToFo\workYagi4\Result\Model.cct
C:\Users\HP\Desktop\yagi\workYagi4ToFo\workYagi4\Result\Model.fmf
C:\Users\HP\Desktop\yagi\workYagi4ToFo\workYagi4\Result\Model.fmm
C:\Users\HP\Desktop\yagi\workYagi4ToFo\workYagi4\Result\Model.fpc
C:\Users\HP\Desktop\yagi\workYagi4ToFo\workYagi4\Result\Model.fsi
C:\Users\HP\Desktop\yagi\workYagi4ToFo\workYagi4\Result\Model.fwf
C:\Users\HP\Desktop\yagi\workYagi4ToFo\workYagi4\Result\Model.mss
C:\Users\HP\Desktop\yagi\workYagi4ToFo\workYagi4\Result\Model.sic
C:\Users\HP\Desktop\yagi\workYagi4ToFo\workYagi4\Result\Model.spi
C:\Users\HP\Desktop\yagi\workYagi4ToFo\workYagi4\Result\Model.xcfd
C:\Users\HP\Desktop\yagi\workYagi4ToFo\workYagi4\Result\Model^PEC.fpf
C:\Users\HP\Desktop\yagi\workYagi4ToFo\workYagi4\Result\Mue.mat
C:\Users\HP\Desktop\yagi\workYagi4ToFo\workYagi4\Result\m^fqq.mem
C:\Users\HP\Desktop\yagi\workYagi4ToFo\workYagi4\Result\PEC.mat
C:\Users\HP\Desktop\yagi\workYagi4ToFo\workYagi4\Result\Ports.fpt
C:\Users\HP\Desktop\yagi\workYagi4ToFo\workYagi4\Result\PP.fsi
C:\Users\HP\Desktop\yagi\workYagi4ToFo\workYagi4\Result\p^a.mem
C:\Users\HP\Desktop\yagi\workYagi4ToFo\workYagi4\Result\p^m.mem
C:\Users\HP\Desktop\yagi\workYagi4ToFo\workYagi4\Result\Rho.mat
C:\Users\HP\Desktop\yagi\workYagi4ToFo\workYagi4\Result\S2HMatrix.m2h
C:\Users\HP\Desktop\yagi\workYagi4ToFo\workYagi4\Result\Shapes.con
C:\Users\HP\Desktop\yagi\workYagi4ToFo\workYagi4\Result\s^pm.mem
Port:
C:\Users\HP\Desktop\yagi\workYagi4ToFo\workYagi4\Result\Model.pmi
